<?xml version="1.0" encoding="UTF-8"?>
<!-- Generated by org.testng.reporters.JUnitReportReporter -->
<testsuite hostname="LAPTOP-NFMGH92M" failures="0" tests="1" name="restAPITest.Http_Post" time="2.744" errors="0" timestamp="2021-10-09T00:47:50 EDT" skipped="0">
  <testcase classname="restAPITest.Http_Post" name="PostMethod" time="2.744"/>
  <system-out/>
</testsuite> <!-- restAPITest.Http_Post -->
