<?xml version="1.0" encoding="UTF-8"?>
<!-- Generated by org.testng.reporters.JUnitReportReporter -->
<testsuite hostname="LAPTOP-NFMGH92M" failures="0" tests="1" name="restAPITest.APIDelete" time="2.106" errors="0" timestamp="2021-10-10T13:19:03 EDT" skipped="0">
  <testcase classname="restAPITest.APIDelete" name="deleteApi" time="2.106"/>
  <system-out/>
</testsuite> <!-- restAPITest.APIDelete -->
