<?xml version="1.0" encoding="UTF-8"?>
<!-- Generated by org.testng.reporters.JUnitReportReporter -->
<testsuite hostname="LAPTOP-NFMGH92M" failures="0" tests="1" name="restAPITest.Http_Get" time="2.508" errors="0" timestamp="2021-10-09T00:48:26 EDT" skipped="0">
  <testcase classname="restAPITest.Http_Get" name="GetMethod" time="2.508"/>
  <system-out/>
</testsuite> <!-- restAPITest.Http_Get -->
